<?xml version="1.0" encoding="UTF-8"?>
<testng-results skipped="0" failed="1" ignored="0" total="4" passed="3">
  <reporter-output>
  </reporter-output>
  <suite name="TDAutomationFramework2" duration-ms="4607" started-at="2020-09-25T21:43:40Z" finished-at="2020-09-25T21:43:45Z">
    <groups>
    </groups>
    <test name="Login Test" duration-ms="1350" started-at="2020-09-25T21:43:40Z" finished-at="2020-09-25T21:43:42Z">
      <class name="testcases.TC001Login">
        <test-method status="FAIL" signature="verifyLogin()[pri:0, instance:testcases.TC001Login@418e7838]" name="verifyLogin" duration-ms="562" started-at="2020-09-25T21:43:40Z" finished-at="2020-09-25T21:43:41Z">
          <exception class="java.lang.AssertionError">
            <message>
              <![CDATA[expected [Zero - Account Summary] but found [Zero - Log in]]]>
            </message>
            <full-stacktrace>
              <![CDATA[java.lang.AssertionError: expected [Zero - Account Summary] but found [Zero - Log in]
at org.testng.Assert.fail(Assert.java:96)
at org.testng.Assert.failNotEquals(Assert.java:776)
at org.testng.Assert.assertEqualsImpl(Assert.java:137)
at org.testng.Assert.assertEquals(Assert.java:118)
at org.testng.Assert.assertEquals(Assert.java:453)
at org.testng.Assert.assertEquals(Assert.java:463)
at testcases.TC001Login.verifyLogin(TC001Login.java:31)
at sun.reflect.NativeMethodAccessorImpl.invoke0(Native Method)
at sun.reflect.NativeMethodAccessorImpl.invoke(NativeMethodAccessorImpl.java:62)
at sun.reflect.DelegatingMethodAccessorImpl.invoke(DelegatingMethodAccessorImpl.java:43)
at java.lang.reflect.Method.invoke(Method.java:498)
at org.testng.internal.MethodInvocationHelper.invokeMethod(MethodInvocationHelper.java:124)
at org.testng.internal.Invoker.invokeMethod(Invoker.java:583)
at org.testng.internal.Invoker.invokeTestMethod(Invoker.java:719)
at org.testng.internal.Invoker.invokeTestMethods(Invoker.java:989)
at org.testng.internal.TestMethodWorker.invokeTestMethods(TestMethodWorker.java:125)
at org.testng.internal.TestMethodWorker.run(TestMethodWorker.java:109)
at org.testng.TestRunner.privateRun(TestRunner.java:648)
at org.testng.TestRunner.run(TestRunner.java:505)
at org.testng.SuiteRunner.runTest(SuiteRunner.java:455)
at org.testng.SuiteRunner.runSequentially(SuiteRunner.java:450)
at org.testng.SuiteRunner.privateRun(SuiteRunner.java:415)
at org.testng.SuiteRunner.run(SuiteRunner.java:364)
at org.testng.SuiteRunnerWorker.runSuite(SuiteRunnerWorker.java:52)
at org.testng.SuiteRunnerWorker.run(SuiteRunnerWorker.java:84)
at org.testng.TestNG.runSuitesSequentially(TestNG.java:1208)
at org.testng.TestNG.runSuitesLocally(TestNG.java:1137)
at org.testng.TestNG.runSuites(TestNG.java:1049)
at org.testng.TestNG.run(TestNG.java:1017)
at org.testng.remote.AbstractRemoteTestNG.run(AbstractRemoteTestNG.java:115)
at org.testng.remote.RemoteTestNG.initAndRun(RemoteTestNG.java:251)
at org.testng.remote.RemoteTestNG.main(RemoteTestNG.java:77)
]]>
            </full-stacktrace>
          </exception> <!-- java.lang.AssertionError -->
          <reporter-output>
          </reporter-output>
        </test-method> <!-- verifyLogin -->
      </class> <!-- testcases.TC001Login -->
    </test> <!-- Login Test -->
    <test name="Add New Payee Test" duration-ms="1770" started-at="2020-09-25T21:43:42Z" finished-at="2020-09-25T21:43:44Z">
      <class name="testcases.TC002AddNewPayee">
        <test-method status="PASS" signature="AddPayee()[pri:0, instance:testcases.TC002AddNewPayee@31d7b7bf]" name="AddPayee" duration-ms="1732" started-at="2020-09-25T21:43:42Z" finished-at="2020-09-25T21:43:44Z">
          <reporter-output>
          </reporter-output>
        </test-method> <!-- AddPayee -->
      </class> <!-- testcases.TC002AddNewPayee -->
    </test> <!-- Add New Payee Test -->
    <test name="Sprint Bill Pay Test" duration-ms="1132" started-at="2020-09-25T21:43:44Z" finished-at="2020-09-25T21:43:45Z">
      <class name="testcases.TC003PayBillSprint">
        <test-method status="PASS" signature="payBillSprint()[pri:0, instance:testcases.TC003PayBillSprint@636be97c]" name="payBillSprint" duration-ms="1094" started-at="2020-09-25T21:43:44Z" finished-at="2020-09-25T21:43:45Z">
          <reporter-output>
          </reporter-output>
        </test-method> <!-- payBillSprint -->
      </class> <!-- testcases.TC003PayBillSprint -->
    </test> <!-- Sprint Bill Pay Test -->
    <test name="Online Statement Test" duration-ms="329" started-at="2020-09-25T21:43:45Z" finished-at="2020-09-25T21:43:45Z">
      <class name="testcases.TC004StatementDownload">
        <test-method status="PASS" signature="init()[pri:0, instance:testcases.TC004StatementDownload@4ac3c60d]" name="init" is-config="true" duration-ms="7109" started-at="2020-09-25T21:43:33Z" finished-at="2020-09-25T21:43:40Z">
          <reporter-output>
          </reporter-output>
        </test-method> <!-- init -->
        <test-method status="PASS" signature="StatementDownload()[pri:0, instance:testcases.TC004StatementDownload@4ac3c60d]" name="StatementDownload" duration-ms="290" started-at="2020-09-25T21:43:45Z" finished-at="2020-09-25T21:43:45Z">
          <reporter-output>
          </reporter-output>
        </test-method> <!-- StatementDownload -->
        <test-method status="PASS" signature="tearDown()[pri:0, instance:testcases.TC004StatementDownload@4ac3c60d]" name="tearDown" is-config="true" duration-ms="696" started-at="2020-09-25T21:43:45Z" finished-at="2020-09-25T21:43:46Z">
          <reporter-output>
          </reporter-output>
        </test-method> <!-- tearDown -->
      </class> <!-- testcases.TC004StatementDownload -->
    </test> <!-- Online Statement Test -->
  </suite> <!-- TDAutomationFramework2 -->
</testng-results>
